#-----------------------------------------------------------
# Vivado v2020.2 (64-bit)
# SW Build 3064766 on Wed Nov 18 09:12:45 MST 2020
# IP Build 3064653 on Wed Nov 18 14:17:31 MST 2020
# Start of session at: Mon Jun  5 14:38:23 2023
# Process ID: 15500
# Current directory: C:/cygwin/home/Sebastien_Doyez_jeu_SE/seb.doyez/vhdl/plasma_hw
# Command line: vivado.exe -gui_launcher_event rodinguilauncherevent1472 C:\cygwin\home\Sebastien_Doyez_jeu_SE\seb.doyez\vhdl\plasma_hw\plasma_hw.xpr
# Log file: C:/cygwin/home/Sebastien_Doyez_jeu_SE/seb.doyez/vhdl/plasma_hw/vivado.log
# Journal file: C:/cygwin/home/Sebastien_Doyez_jeu_SE/seb.doyez/vhdl/plasma_hw\vivado.jou
#-----------------------------------------------------------
start_gui
open_project C:/cygwin/home/Sebastien_Doyez_jeu_SE/seb.doyez/vhdl/plasma_hw/plasma_hw.xpr
INFO: [Project 1-313] Project file moved from 'C:/cygwin/home/seb.doyez/vhdl/plasma_hw' since last save.
Scanning sources...
Finished scanning sources
INFO: [IP_Flow 19-234] Refreshing IP repositories
INFO: [IP_Flow 19-1704] No user IP repositories specified
INFO: [IP_Flow 19-2313] Loaded Vivado IP repository 'C:/Xilinx/Vivado/2020.2/data/ip'.
open_project: Time (s): cpu = 00:00:18 ; elapsed = 00:00:07 . Memory (MB): peak = 1109.027 ; gain = 0.000
update_compile_order -fileset sources_1
reset_run synth_1
reset_run sprite_gameover_synth_1
launch_runs impl_1 -to_step write_bitstream -jobs 6
INFO: [IP_Flow 19-1686] Generating 'Synthesis' target for IP 'sprite_gameover'...
[Mon Jun  5 14:43:25 2023] Launched sprite_gameover_synth_1, synth_1...
Run output will be captured here:
sprite_gameover_synth_1: C:/cygwin/home/Sebastien_Doyez_jeu_SE/seb.doyez/vhdl/plasma_hw/plasma_hw.runs/sprite_gameover_synth_1/runme.log
synth_1: C:/cygwin/home/Sebastien_Doyez_jeu_SE/seb.doyez/vhdl/plasma_hw/plasma_hw.runs/synth_1/runme.log
[Mon Jun  5 14:43:25 2023] Launched impl_1...
Run output will be captured here: C:/cygwin/home/Sebastien_Doyez_jeu_SE/seb.doyez/vhdl/plasma_hw/plasma_hw.runs/impl_1/runme.log
open_hw_manager
connect_hw_server -allow_non_jtag
INFO: [Labtools 27-2285] Connecting to hw_server url TCP:localhost:3121
INFO: [Labtools 27-3415] Connecting to cs_server url TCP:localhost:3042
INFO: [Labtools 27-3414] Connected to existing cs_server.
ERROR: [Labtoolstcl 44-494] There is no active target available for server at localhost.
 Targets(s) ", jsn-Basys3-210183B7A314A" may be locked by another hw_server.
disconnect_hw_server localhost:3121
connect_hw_server -allow_non_jtag
INFO: [Labtools 27-2285] Connecting to hw_server url TCP:localhost:3121
INFO: [Labtools 27-3415] Connecting to cs_server url TCP:localhost:3042
INFO: [Labtools 27-3414] Connected to existing cs_server.
ERROR: [Labtoolstcl 44-494] There is no active target available for server at localhost.
 Targets(s) ", jsn-Basys3-210183B7A314A" may be locked by another hw_server.
disconnect_hw_server localhost:3121
connect_hw_server -allow_non_jtag
INFO: [Labtools 27-2285] Connecting to hw_server url TCP:localhost:3121
INFO: [Labtools 27-3415] Connecting to cs_server url TCP:localhost:3042
INFO: [Labtools 27-3414] Connected to existing cs_server.
open_hw_target
INFO: [Labtoolstcl 44-466] Opening hw_target localhost:3121/xilinx_tcf/Digilent/210183B31799A
set_property PROGRAM.FILE {C:/cygwin/home/Sebastien_Doyez_jeu_SE/seb.doyez/vhdl/plasma_hw/plasma_hw.runs/impl_1/plasma_basys3.bit} [get_hw_devices xc7a35t_0]
current_hw_device [get_hw_devices xc7a35t_0]
refresh_hw_device -update_hw_probes false [lindex [get_hw_devices xc7a35t_0] 0]
INFO: [Labtools 27-1434] Device xc7a35t (JTAG device index = 0) is programmed with a design that has no supported debug core(s) in it.
set_property PROBES.FILE {} [get_hw_devices xc7a35t_0]
set_property FULL_PROBES.FILE {} [get_hw_devices xc7a35t_0]
set_property PROGRAM.FILE {C:/cygwin/home/Sebastien_Doyez_jeu_SE/seb.doyez/vhdl/plasma_hw/plasma_hw.runs/impl_1/plasma_basys3.bit} [get_hw_devices xc7a35t_0]
program_hw_devices [get_hw_devices xc7a35t_0]
INFO: [Labtools 27-3164] End of startup status: HIGH
refresh_hw_device [lindex [get_hw_devices xc7a35t_0] 0]
INFO: [Labtools 27-1434] Device xc7a35t (JTAG device index = 0) is programmed with a design that has no supported debug core(s) in it.
